Change Component Footprint: Designator=R1 Old Footprint=AXIAL-0.3 New Footprint=1608 / 0603
Change Component Footprint: Designator=R2 Old Footprint=AXIAL-0.3 New Footprint=1608 / 0603
Change Component Footprint: Designator=R3 Old Footprint=AXIAL-0.3 New Footprint=1608 / 0603
Change Component Footprint: Designator=R4 Old Footprint=AXIAL-0.3 New Footprint=1608 / 0603
Change Component Footprint: Designator=R5 Old Footprint=AXIAL-0.3 New Footprint=1608 / 0603
Change Component Footprint: Designator=R6 Old Footprint=AXIAL-0.3 New Footprint=1608 / 0603
Change Component Footprint: Designator=R7 Old Footprint=AXIAL-0.3 New Footprint=1608 / 0603
Change Component Footprint: Designator=R8 Old Footprint=AXIAL-0.3 New Footprint=1608 / 0603
Change Component Footprint: Designator=R9 Old Footprint=AXIAL-0.3 New Footprint=1608 / 0603
Change Component Footprint: Designator=R10 Old Footprint=AXIAL-0.3 New Footprint=1608 / 0603
Change Component Footprint: Designator=VR1 Old Footprint=D2PAK_N New Footprint=SOT-223
Change Component Footprint: Designator=D2 Old Footprint=DIODE-0.7 New Footprint=DIODE ZENER
Change Component Footprint: Designator=Q1 Old Footprint=E3 New Footprint=SOT23
Change Component Footprint: Designator=Q2 Old Footprint=E3 New Footprint=SOT23
Change Component Footprint: Designator=J1 Old Footprint=KLD-0202 New Footprint=RAPC712BK
Change Component Footprint: Designator=1 Old Footprint=LED-0 New Footprint=3216 / 1206
Change Component Footprint: Designator=K1 Old Footprint=MODULE5B New Footprint=PE014005
Change Component Footprint: Designator=F1 Old Footprint=PIN-W2/E2.8 New Footprint=3216 / 1206
Change Component Footprint: Designator=C1 Old Footprint=RAD-0.3 New Footprint=1608 / 0603
Change Component Footprint: Designator=C2 Old Footprint=RAD-0.3 New Footprint=1608 / 0603
Change Component Footprint: Designator=C3 Old Footprint=RAD-0.3 New Footprint=1608 / 0603
Change Component Footprint: Designator=C4 Old Footprint=RAD-0.3 New Footprint=1608 / 0603
Change Component Footprint: Designator=C5 Old Footprint=RAD-0.3 New Footprint=1608 / 0603
Change Component Footprint: Designator=C6 Old Footprint=RAD-0.3 New Footprint=1608 / 0603
Change Component Footprint: Designator=C7 Old Footprint=RAD-0.3 New Footprint=1608 / 0603
Change Component Footprint: Designator=C8 Old Footprint=RAD-0.3 New Footprint=1608 / 0603
Change Component Footprint: Designator=C9 Old Footprint=RAD-0.3 New Footprint=1608 / 0603
Change Component Footprint: Designator=D1 Old Footprint=SMC New Footprint=SMA/DO-214AC_21
Change Component Footprint: Designator=RESET1 Old Footprint=SPST-2 New Footprint=GULLWING
Change Component Comment: Designator=D1 Old Comment=Diode New Comment=Diode GF1A
Change Component Comment: Designator=D2 Old Comment=D Zener New Comment=D Zener 1N5338BRLG
Change Component Comment: Designator=F1 Old Comment=Fuse 1 New Comment=MCPFP 5A 125V
Change Component Comment: Designator=ICSP1 Old Comment=Header 6 New Comment=
Change Component Comment: Designator=1 Old Comment=LED0 New Comment=
Change Component Comment: Designator=Q2 Old Comment=MOSFET-N New Comment=MOSFET-N 2N7002K
Change Component Comment: Designator=Q1 Old Comment=MOSFET-P New Comment=MOSFET-P ZVP2106A
Change Component Comment: Designator=K1 Old Comment=Relay-SPDT New Comment=Relay-SPDT G5V-1
Change Component Comment: Designator=R3 Old Comment=Res1 New Comment=0r
Change Component Comment: Designator=VR1 Old Comment=Volt Reg New Comment=Regul LD1117S33TR
Change Component Designator: OldDesignator=IR1 NewDesignator=*1
Change Component Designator: OldDesignator=LED1 NewDesignator=*6
Change Component Designator: OldDesignator=Pot1 NewDesignator=*2
Change Component Designator: OldDesignator=RPi1 NewDesignator=*3
Change Component Designator: OldDesignator=Servo1 NewDesignator=*4
Change Component Designator: OldDesignator=Sonar1 NewDesignator=*5
Change Pin Designator/Name:  Old Designator=Q2-1 Old Name=D New Designator =S New Name=3
Change Pin Designator/Name:  Old Designator=Q2-2 Old Name=G New Designator =D New Name=1
Change Pin Designator/Name:  Old Designator=Q2-3 Old Name=S New Designator =G New Name=2
