Added Component: Designator=C1(1608 / 0603)
Added Component: Designator=C2(1608 / 0603)
Added Component: Designator=C3(1608 / 0603)
Added Component: Designator=C4(1608 / 0603)
Added Component: Designator=C5(CONDO_D_10mm)
Added Component: Designator=C6(CONDO_D_10mm)
Added Component: Designator=C7(CONDO_D_5MM)
Added Component: Designator=C8(CONDO_D_5MM)
Added Component: Designator=C9(1608 / 0603)
Added Component: Designator=D1(SMA/DO-214AC_21)
Added Component: Designator=D2(DIODE ZENER)
Added Component: Designator=D3(3216 / 1206)
Added Component: Designator=F1(3216 / 1206)
Added Component: Designator=J1(IR SENSOR CONNECTOR)
Added Component: Designator=J2_U_Potard1(POTARD CONNECTOR)
Added Component: Designator=J2_U_Potard2(POTARD CONNECTOR)
Added Component: Designator=J3(RAPC712BK)
Added Component: Designator=J4(RPI CONNECTOR)
Added Component: Designator=J5_U_Servo1(SERVO CONNECTOR)
Added Component: Designator=J5_U_Servo2(SERVO CONNECTOR)
Added Component: Designator=J5_U_Servo3(SERVO CONNECTOR)
Added Component: Designator=J6_U_Sonar1(SONAR CONNECTOR)
Added Component: Designator=J6_U_Sonar2(SONAR CONNECTOR)
Added Component: Designator=J7_U_LED_V31(LEDS CONNECTOR)
Added Component: Designator=J7_U_LED_V32(LEDS CONNECTOR)
Added Component: Designator=K1(PE014005)
Added Component: Designator=P1(RJ11)
Added Component: Designator=Q1(SOT23)
Added Component: Designator=Q2(SOT23)
Added Component: Designator=R1(1608 / 0603)
Added Component: Designator=R2(1608 / 0603)
Added Component: Designator=R3(1608 / 0603)
Added Component: Designator=R4(1608 / 0603)
Added Component: Designator=R5(1608 / 0603)
Added Component: Designator=R6_U_Sonar1(1608 / 0603)
Added Component: Designator=R6_U_Sonar2(1608 / 0603)
Added Component: Designator=R7_U_Sonar1(1608 / 0603)
Added Component: Designator=R7_U_Sonar2(1608 / 0603)
Added Component: Designator=U1(SOIC28)
Added Component: Designator=U2(SOT-223)
Added Pin To Net: NetName=GND Pin=C1-1
Added Pin To Net: NetName=NetC1_2 Pin=C1-2
Added Pin To Net: NetName=GND Pin=C2-1
Added Pin To Net: NetName=NetC2_2 Pin=C2-2
Added Pin To Net: NetName=GND Pin=C3-1
Added Pin To Net: NetName=3V3MAIN Pin=C3-2
Added Pin To Net: NetName=GND Pin=C4-1
Added Pin To Net: NetName=3V3MAIN Pin=C4-2
Added Pin To Net: NetName=GND Pin=C5-1
Added Pin To Net: NetName=SERVO VCC Pin=C5-2
Added Pin To Net: NetName=GND Pin=C6-1
Added Pin To Net: NetName=5VMAIN Pin=C6-2
Added Pin To Net: NetName=GND Pin=C7-1
Added Pin To Net: NetName=5VMAIN Pin=C7-2
Added Pin To Net: NetName=GND Pin=C8-1
Added Pin To Net: NetName=3V3MAIN Pin=C8-2
Added Pin To Net: NetName=GND Pin=C9-1
Added Pin To Net: NetName=3V3MAIN Pin=C9-2
Added Pin To Net: NetName=NetD1_1 Pin=D1-1
Added Pin To Net: NetName=5VMAIN Pin=D1-2
Added Pin To Net: NetName=GND Pin=D2-1
Added Pin To Net: NetName=5VMAIN Pin=D2-2
Added Pin To Net: NetName=NetD3_1 Pin=D3-1
Added Pin To Net: NetName=GND Pin=D3-2
Added Pin To Net: NetName=5VIN Pin=F1-1
Added Pin To Net: NetName=5VMAIN Pin=F1-2
Added Pin To Net: NetName=GND Pin=J1-1
Added Pin To Net: NetName=SENSOR VCC Pin=J1-2
Added Pin To Net: NetName=NetJ1_3 Pin=J1-3
Added Pin To Net: NetName=GND Pin=J2_U_Potard1-1
Added Pin To Net: NetName=3V3MAIN Pin=J2_U_Potard1-2
Added Pin To Net: NetName=NetJ2_U_Potard1_3 Pin=J2_U_Potard1-3
Added Pin To Net: NetName=GND Pin=J2_U_Potard2-1
Added Pin To Net: NetName=3V3MAIN Pin=J2_U_Potard2-2
Added Pin To Net: NetName=NetJ2_U_Potard2_3 Pin=J2_U_Potard2-3
Added Pin To Net: NetName=5VIN Pin=J3-1
Added Pin To Net: NetName=GND Pin=J3-2
Added Pin To Net: NetName=NetJ4_1 Pin=J4-1
Added Pin To Net: NetName=NetJ4_2 Pin=J4-2
Added Pin To Net: NetName=GND Pin=J4-3
Added Pin To Net: NetName=GND Pin=J5_U_Servo1-1
Added Pin To Net: NetName=SERVO VCC Pin=J5_U_Servo1-2
Added Pin To Net: NetName=NetJ5_U_Servo1_3 Pin=J5_U_Servo1-3
Added Pin To Net: NetName=GND Pin=J5_U_Servo2-1
Added Pin To Net: NetName=SERVO VCC Pin=J5_U_Servo2-2
Added Pin To Net: NetName=NetJ5_U_Servo2_3 Pin=J5_U_Servo2-3
Added Pin To Net: NetName=GND Pin=J5_U_Servo3-1
Added Pin To Net: NetName=SERVO VCC Pin=J5_U_Servo3-2
Added Pin To Net: NetName=NetJ5_U_Servo3_3 Pin=J5_U_Servo3-3
Added Pin To Net: NetName=SENSOR VCC Pin=J6_U_Sonar1-1
Added Pin To Net: NetName=NetJ6_U_Sonar1_2 Pin=J6_U_Sonar1-2
Added Pin To Net: NetName=NetJ6_U_Sonar1_3 Pin=J6_U_Sonar1-3
Added Pin To Net: NetName=GND Pin=J6_U_Sonar1-4
Added Pin To Net: NetName=SENSOR VCC Pin=J6_U_Sonar2-1
Added Pin To Net: NetName=NetJ6_U_Sonar2_2 Pin=J6_U_Sonar2-2
Added Pin To Net: NetName=NetJ6_U_Sonar2_3 Pin=J6_U_Sonar2-3
Added Pin To Net: NetName=GND Pin=J6_U_Sonar2-4
Added Pin To Net: NetName=GND Pin=J7_U_LED_V31-1
Added Pin To Net: NetName=5VMAIN Pin=J7_U_LED_V31-2
Added Pin To Net: NetName=NetJ7_U_LED_V31_3 Pin=J7_U_LED_V31-3
Added Pin To Net: NetName=GND Pin=J7_U_LED_V32-1
Added Pin To Net: NetName=5VMAIN Pin=J7_U_LED_V32-2
Added Pin To Net: NetName=NetJ7_U_LED_V32_3 Pin=J7_U_LED_V32-3
Added Pin To Net: NetName=SERVO VCC Pin=K1-11
Added Pin To Net: NetName=5VMAIN Pin=K1-12
Added Pin To Net: NetName=NetD1_1 Pin=K1-A1
Added Pin To Net: NetName=5VMAIN Pin=K1-A2
Added Pin To Net: NetName=MCLR Pin=P1-1
Added Pin To Net: NetName=3V3MAIN Pin=P1-2
Added Pin To Net: NetName=GND Pin=P1-3
Added Pin To Net: NetName=PGED Pin=P1-4
Added Pin To Net: NetName=PGEC Pin=P1-5
Added Pin To Net: NetName=SENSOR VCC Pin=Q1-1
Added Pin To Net: NetName=NetQ1_2 Pin=Q1-2
Added Pin To Net: NetName=5VMAIN Pin=Q1-3
Added Pin To Net: NetName=NetQ2_1 Pin=Q2-1
Added Pin To Net: NetName=GND Pin=Q2-2
Added Pin To Net: NetName=NetD1_1 Pin=Q2-3
Added Pin To Net: NetName=NetC1_2 Pin=R1-1
Added Pin To Net: NetName=3V3MAIN Pin=R1-2
Added Pin To Net: NetName=NetC1_2 Pin=R2-1
Added Pin To Net: NetName=MCLR Pin=R2-2
Added Pin To Net: NetName=5VMAIN Pin=R3-2
Added Pin To Net: NetName=GND Pin=R4-1
Added Pin To Net: NetName=NetQ2_1 Pin=R4-2
Added Pin To Net: NetName=NetD3_1 Pin=R5-1
Added Pin To Net: NetName=3V3MAIN Pin=R5-2
Added Pin To Net: NetName=GND Pin=R6_U_Sonar1-1
Added Pin To Net: NetName=NetJ6_U_Sonar1_3 Pin=R6_U_Sonar1-2
Added Pin To Net: NetName=GND Pin=R6_U_Sonar2-1
Added Pin To Net: NetName=NetJ6_U_Sonar2_3 Pin=R6_U_Sonar2-2
Added Pin To Net: NetName=GND Pin=R7_U_Sonar1-1
Added Pin To Net: NetName=NetJ6_U_Sonar1_2 Pin=R7_U_Sonar1-2
Added Pin To Net: NetName=GND Pin=R7_U_Sonar2-1
Added Pin To Net: NetName=NetJ6_U_Sonar2_2 Pin=R7_U_Sonar2-2
Added Pin To Net: NetName=MCLR Pin=U1-1
Added Pin To Net: NetName=NetJ1_3 Pin=U1-3
Added Pin To Net: NetName=PGED Pin=U1-4
Added Pin To Net: NetName=PGEC Pin=U1-5
Added Pin To Net: NetName=NetJ4_2 Pin=U1-6
Added Pin To Net: NetName=NetJ4_1 Pin=U1-7
Added Pin To Net: NetName=GND Pin=U1-8
Added Pin To Net: NetName=NetJ6_U_Sonar2_2 Pin=U1-9
Added Pin To Net: NetName=NetJ6_U_Sonar1_2 Pin=U1-10
Added Pin To Net: NetName=NetJ5_U_Servo3_3 Pin=U1-11
Added Pin To Net: NetName=NetJ5_U_Servo2_3 Pin=U1-12
Added Pin To Net: NetName=3V3MAIN Pin=U1-13
Added Pin To Net: NetName=NetJ5_U_Servo1_3 Pin=U1-14
Added Pin To Net: NetName=NetJ6_U_Sonar2_3 Pin=U1-16
Added Pin To Net: NetName=NetJ6_U_Sonar1_3 Pin=U1-17
Added Pin To Net: NetName=NetJ7_U_LED_V32_3 Pin=U1-18
Added Pin To Net: NetName=GND Pin=U1-19
Added Pin To Net: NetName=NetC2_2 Pin=U1-20
Added Pin To Net: NetName=NetQ2_1 Pin=U1-21
Added Pin To Net: NetName=NetQ1_2 Pin=U1-22
Added Pin To Net: NetName=3V3MAIN Pin=U1-23
Added Pin To Net: NetName=NetJ7_U_LED_V31_3 Pin=U1-24
Added Pin To Net: NetName=NetJ2_U_Potard2_3 Pin=U1-25
Added Pin To Net: NetName=NetJ2_U_Potard1_3 Pin=U1-26
Added Pin To Net: NetName=GND Pin=U1-27
Added Pin To Net: NetName=3V3MAIN Pin=U1-28
Added Pin To Net: NetName=5VMAIN Pin=U2-1
Added Pin To Net: NetName=GND Pin=U2-2
Added Pin To Net: NetName=3V3MAIN Pin=U2-3
Added Member To Class: ClassName=U_PIC Member=Component C1 100nF
Added Member To Class: ClassName=U_PIC Member=Component C2 10uF
Added Member To Class: ClassName=U_PIC Member=Component C3 100nF
Added Member To Class: ClassName=U_PIC Member=Component C4 100nF
Added Member To Class: ClassName=U_Power_v2 Member=Component C5 470uF
Added Member To Class: ClassName=U_Regul Member=Component C6 470uF
Added Member To Class: ClassName=U_Regul Member=Component C7 10uF
Added Member To Class: ClassName=U_Regul Member=Component C8 10uF
Added Member To Class: ClassName=U_Regul Member=Component C9 Cap
Added Member To Class: ClassName=U_Power_v2 Member=Component D1 Diode GF1A
Added Member To Class: ClassName=U_Regul Member=Component D2 D Zener 1N5338BRLG
Added Member To Class: ClassName=U_Regul Member=Component D3 *
Added Member To Class: ClassName=U_Regul Member=Component F1 MCPFP 5A 125V
Added Member To Class: ClassName=U_IrSensor Member=Component J1 IR_Connector
Added Member To Class: ClassName=U_Potard1 Member=Component J2_U_Potard1 (J2) Potard_Connector
Added Member To Class: ClassName=U_Potard2 Member=Component J2_U_Potard2 (J2) Potard_Connector
Added Member To Class: ClassName=U_Regul Member=Component J3 PWR2.5
Added Member To Class: ClassName=U_RPI Member=Component J4 RPi_Connector
Added Member To Class: ClassName=U_Servo1 Member=Component J5_U_Servo1 (J5) Servo_Connector
Added Member To Class: ClassName=U_Servo2 Member=Component J5_U_Servo2 (J5) Servo_Connector
Added Member To Class: ClassName=U_Servo3 Member=Component J5_U_Servo3 (J5) Servo_Connector
Added Member To Class: ClassName=U_Sonar1 Member=Component J6_U_Sonar1 (J6) Sonar_Connector
Added Member To Class: ClassName=U_Sonar2 Member=Component J6_U_Sonar2 (J6) Sonar_Connector
Added Member To Class: ClassName=U_LED_V31 Member=Component J7_U_LED_V31 (J7) Leds_Connector
Added Member To Class: ClassName=U_LED_V32 Member=Component J7_U_LED_V32 (J7) Leds_Connector
Added Member To Class: ClassName=U_Power_v2 Member=Component K1 Relay-SPDT G5V-1
Added Member To Class: ClassName=U_PIC Member=Component P1 
Added Member To Class: ClassName=U_Power_v2 Member=Component Q1 MOSFET-P ZVP2106A
Added Member To Class: ClassName=U_Power_v2 Member=Component Q2 MOSFET-N 2N7002K
Added Member To Class: ClassName=U_PIC Member=Component R1 10K
Added Member To Class: ClassName=U_PIC Member=Component R2 1K
Added Member To Class: ClassName=U_Power_v2 Member=Component R3 1K
Added Member To Class: ClassName=U_Power_v2 Member=Component R4 1K
Added Member To Class: ClassName=U_Regul Member=Component R5 1K
Added Member To Class: ClassName=U_Sonar1 Member=Component R6_U_Sonar1 (R6) 1K
Added Member To Class: ClassName=U_Sonar2 Member=Component R6_U_Sonar2 (R6) 1K
Added Member To Class: ClassName=U_Sonar1 Member=Component R7_U_Sonar1 (R7) 1K
Added Member To Class: ClassName=U_Sonar2 Member=Component R7_U_Sonar2 (R7) 1K
Added Member To Class: ClassName=U_PIC Member=Component U1 PIC32MX270F256B
Added Member To Class: ClassName=U_Regul Member=Component U2 Regul LD1117S33TR
