Removed Pin From Net: NetName=GND Pin=*1-1
Removed Pin From Net: NetName=SENSOR VCC Pin=*1-2
Removed Pin From Net: NetName=GND Pin=*2-1
Removed Pin From Net: NetName=GND Pin=*3-3
Removed Pin From Net: NetName=GND Pin=*4-1
Removed Pin From Net: NetName=SERVO VCC Pin=*4-2
Removed Pin From Net: NetName=SENSOR VCC Pin=*5-1
Removed Pin From Net: NetName=GND Pin=*5-4
Removed Pin From Net: NetName=GND Pin=*6-1
Removed Pin From Net: NetName=5VMAIN Pin=*6-2
Removed Member From Class: ClassName=IrSensor Member=*1
Removed Member From Class: ClassName=Potard Member=*2
Removed Member From Class: ClassName=RPI Member=*3
Removed Member From Class: ClassName=Servo Member=*4
Removed Member From Class: ClassName=Sonar Member=*5
Removed Member From Class: ClassName=LED_V3 Member=*6
Added Component: Designator=IR1(IR SENSOR CONNECTOR)
Added Component: Designator=LED1(LEDS CONNECTOR)
Added Component: Designator=Pot1(POTARD CONNECTOR)
Added Component: Designator=RPi1(RPI CONNECTOR)
Added Component: Designator=Servo1(SERVO CONNECTOR)
Added Component: Designator=Sonar1(SONAR CONNECTOR)
Added Pin To Net: NetName=GND Pin=IR1-1
Added Pin To Net: NetName=SENSOR VCC Pin=IR1-2
Added Pin To Net: NetName=GND Pin=LED1-1
Added Pin To Net: NetName=5VMAIN Pin=LED1-2
Added Pin To Net: NetName=GND Pin=Pot1-1
Added Pin To Net: NetName=GND Pin=RPi1-3
Added Pin To Net: NetName=GND Pin=Servo1-1
Added Pin To Net: NetName=SERVO VCC Pin=Servo1-2
Added Pin To Net: NetName=SENSOR VCC Pin=Sonar1-1
Added Pin To Net: NetName=GND Pin=Sonar1-4
Added Pin To Net: NetName=NetIR1_3 Pin=IR1-3
Added Net: Name=NetIR1_3
Added Pin To Net: NetName=NetLED1_3 Pin=LED1-3
Added Net: Name=NetLED1_3
Added Pin To Net: NetName=NetPot1_2 Pin=Pot1-2
Added Pin To Net: NetName=NetPot1_2 Pin=R5-1
Added Net: Name=NetPot1_2
Added Pin To Net: NetName=NetPot1_3 Pin=Pot1-3
Added Net: Name=NetPot1_3
Added Pin To Net: NetName=NetR9_2 Pin=R9-2
Added Pin To Net: NetName=NetR9_2 Pin=Sonar1-3
Added Net: Name=NetR9_2
Added Pin To Net: NetName=NetR10_2 Pin=R10-2
Added Pin To Net: NetName=NetR10_2 Pin=Sonar1-2
Added Net: Name=NetR10_2
Added Pin To Net: NetName=NetRPi1_1 Pin=RPi1-1
Added Net: Name=NetRPi1_1
Added Pin To Net: NetName=NetRPi1_2 Pin=RPi1-2
Added Net: Name=NetRPi1_2
Added Pin To Net: NetName=NetServo1_3 Pin=Servo1-3
Added Net: Name=NetServo1_3
Added Member To Class: ClassName=IrSensor Member=Component IR1 IR_Connector
Added Member To Class: ClassName=LED_V3 Member=Component LED1 Leds_Connector
Added Member To Class: ClassName=Potard Member=Component Pot1 Potard_Connector
Added Member To Class: ClassName=RPI Member=Component RPi1 RPi_Connector
Added Member To Class: ClassName=Servo Member=Component Servo1 Servo_Connector
Added Member To Class: ClassName=Sonar Member=Component Sonar1 Sonar_Connector
