Added Component: Designator=*1(IR SENSOR CONNECTOR)
Added Component: Designator=*2(POTARD CONNECTOR)
Added Component: Designator=*3(RPI CONNECTOR)
Added Component: Designator=*4(SERVO CONNECTOR)
Added Component: Designator=*5(SONAR CONNECTOR)
Added Component: Designator=1(3216 / 1206)
Added Component: Designator=C1(1608 / 0603)
Added Component: Designator=C2(1608 / 0603)
Added Component: Designator=C3(1608 / 0603)
Added Component: Designator=C4(1608 / 0603)
Added Component: Designator=C5(1608 / 0603)
Added Component: Designator=C6(1608 / 0603)
Added Component: Designator=C7(1608 / 0603)
Added Component: Designator=C8(1608 / 0603)
Added Component: Designator=C9(1608 / 0603)
Added Component: Designator=D1(LED-0)
Added Component: Designator=D2(LED-0)
Added Component: Designator=D3(LED-0)
Added Component: Designator=D4(LED-0)
Added Component: Designator=D5(LED-0)
Added Component: Designator=D6(LED-0)
Added Component: Designator=D7(LED-0)
Added Component: Designator=D8(LED-0)
Added Component: Designator=D9(LED-0)
Added Component: Designator=D10(LED-0)
Added Component: Designator=D11(LED-0)
Added Component: Designator=D12(LED-0)
Added Component: Designator=D13(LED-0)
Added Component: Designator=D14(LED-0)
Added Component: Designator=D15(LED-0)
Added Component: Designator=D16(LED-0)
Added Component: Designator=D17(LED-0)
Added Component: Designator=D18(LED-0)
Added Component: Designator=D19(LED-0)
Added Component: Designator=D20(LED-0)
Added Component: Designator=D21(LED-0)
Added Component: Designator=D22(LED-0)
Added Component: Designator=D23(LED-0)
Added Component: Designator=D24(LED-0)
Added Component: Designator=D25(LED-0)
Added Component: Designator=D26(LED-0)
Added Component: Designator=D27(LED-0)
Added Component: Designator=D28(LED-0)
Added Component: Designator=D29(LED-0)
Added Component: Designator=D30(LED-0)
Added Component: Designator=D31(SMA/DO-214AC_21)
Added Component: Designator=D32(DIODE ZENER)
Added Component: Designator=F1(3216 / 1206)
Added Component: Designator=ICSP1(HDR1X6)
Added Component: Designator=K1(PE014005)
Added Component: Designator=Q1(TO252)
Added Component: Designator=Q2(SOT23)
Added Component: Designator=Q3(SOT23)
Added Component: Designator=R1(AXIAL-0.3)
Added Component: Designator=R2(AXIAL-0.3)
Added Component: Designator=R3(AXIAL-0.3)
Added Component: Designator=R4(AXIAL-0.3)
Added Component: Designator=R5(1608 / 0603)
Added Component: Designator=R6(1608 / 0603)
Added Component: Designator=R7(1608 / 0603)
Added Component: Designator=R8(1608 / 0603)
Added Component: Designator=R9(1608 / 0603)
Added Component: Designator=R10(1608 / 0603)
Added Component: Designator=R11(1608 / 0603)
Added Component: Designator=R12(1608 / 0603)
Added Component: Designator=R13(1608 / 0603)
Added Component: Designator=R14(1608 / 0603)
Added Component: Designator=RESET1(GULLWING)
Added Component: Designator=VR1(SOT-223)
Added Pin To Net: NetName=3V3MAIN Pin=C6-2
Added Pin To Net: NetName=3V3MAIN Pin=C8-2
Added Pin To Net: NetName=3V3MAIN Pin=C9-2
Added Pin To Net: NetName=3V3MAIN Pin=ICSP1-2
Added Pin To Net: NetName=3V3MAIN Pin=R5-2
Added Pin To Net: NetName=3V3MAIN Pin=R12-2
Added Pin To Net: NetName=3V3MAIN Pin=VR1-3
Added Net: Name=3V3MAIN
Added Pin To Net: NetName=5VIN Pin=F1-1
Added Net: Name=5VIN
Added Pin To Net: NetName=5VMAIN Pin=D1-1
Added Pin To Net: NetName=5VMAIN Pin=D2-1
Added Pin To Net: NetName=5VMAIN Pin=D3-1
Added Pin To Net: NetName=5VMAIN Pin=D4-1
Added Pin To Net: NetName=5VMAIN Pin=D5-1
Added Pin To Net: NetName=5VMAIN Pin=D6-1
Added Pin To Net: NetName=5VMAIN Pin=D7-1
Added Pin To Net: NetName=5VMAIN Pin=D8-1
Added Pin To Net: NetName=5VMAIN Pin=D9-1
Added Pin To Net: NetName=5VMAIN Pin=D10-1
Added Pin To Net: NetName=5VMAIN Pin=D11-1
Added Pin To Net: NetName=5VMAIN Pin=D12-1
Added Pin To Net: NetName=5VMAIN Pin=D13-1
Added Pin To Net: NetName=5VMAIN Pin=D14-1
Added Pin To Net: NetName=5VMAIN Pin=D15-1
Added Pin To Net: NetName=5VMAIN Pin=D16-1
Added Pin To Net: NetName=5VMAIN Pin=D17-1
Added Pin To Net: NetName=5VMAIN Pin=D18-1
Added Pin To Net: NetName=5VMAIN Pin=D19-1
Added Pin To Net: NetName=5VMAIN Pin=D20-1
Added Pin To Net: NetName=5VMAIN Pin=D21-1
Added Pin To Net: NetName=5VMAIN Pin=D22-1
Added Pin To Net: NetName=5VMAIN Pin=D23-1
Added Pin To Net: NetName=5VMAIN Pin=D24-1
Added Pin To Net: NetName=5VMAIN Pin=D25-1
Added Pin To Net: NetName=5VMAIN Pin=D26-1
Added Pin To Net: NetName=5VMAIN Pin=D27-1
Added Pin To Net: NetName=5VMAIN Pin=D28-1
Added Pin To Net: NetName=5VMAIN Pin=D29-1
Added Pin To Net: NetName=5VMAIN Pin=D30-1
Added Pin To Net: NetName=5VMAIN Pin=D31-2
Added Pin To Net: NetName=5VMAIN Pin=D32-2
Added Pin To Net: NetName=5VMAIN Pin=F1-2
Added Pin To Net: NetName=5VMAIN Pin=K1-11
Added Pin To Net: NetName=5VMAIN Pin=K1-A1
Added Pin To Net: NetName=5VMAIN Pin=Q2-3
Added Pin To Net: NetName=5VMAIN Pin=R8-2
Added Pin To Net: NetName=5VMAIN Pin=R10-2
Added Pin To Net: NetName=5VMAIN Pin=VR1-1
Added Net: Name=5VMAIN
Added Pin To Net: NetName=GND Pin=*1-1
Added Pin To Net: NetName=GND Pin=*2-1
Added Pin To Net: NetName=GND Pin=*3-3
Added Pin To Net: NetName=GND Pin=*4-1
Added Pin To Net: NetName=GND Pin=*5-4
Added Pin To Net: NetName=GND Pin=1-2
Added Pin To Net: NetName=GND Pin=C2-1
Added Pin To Net: NetName=GND Pin=C6-1
Added Pin To Net: NetName=GND Pin=C7-1
Added Pin To Net: NetName=GND Pin=C8-1
Added Pin To Net: NetName=GND Pin=C9-1
Added Pin To Net: NetName=GND Pin=D32-1
Added Pin To Net: NetName=GND Pin=ICSP1-3
Added Pin To Net: NetName=GND Pin=Q1-3
Added Pin To Net: NetName=GND Pin=Q3-2
Added Pin To Net: NetName=GND Pin=R4-1
Added Pin To Net: NetName=GND Pin=R7-1
Added Pin To Net: NetName=GND Pin=R11-1
Added Pin To Net: NetName=GND Pin=R13-1
Added Pin To Net: NetName=GND Pin=R14-1
Added Pin To Net: NetName=GND Pin=RESET1-1
Added Pin To Net: NetName=GND Pin=RESET1-1
Added Pin To Net: NetName=GND Pin=VR1-2
Added Net: Name=GND
Added Pin To Net: NetName=Net1_1 Pin=1-1
Added Pin To Net: NetName=Net1_1 Pin=R12-1
Added Net: Name=Net1_1
Added Pin To Net: NetName=Net*1_3 Pin=*1-3
Added Net: Name=Net*1_3
Added Pin To Net: NetName=Net*2_2 Pin=*2-2
Added Pin To Net: NetName=Net*2_2 Pin=R9-1
Added Net: Name=Net*2_2
Added Pin To Net: NetName=Net*2_3 Pin=*2-3
Added Net: Name=Net*2_3
Added Pin To Net: NetName=Net*3_1 Pin=*3-1
Added Net: Name=Net*3_1
Added Pin To Net: NetName=Net*3_2 Pin=*3-2
Added Net: Name=Net*3_2
Added Pin To Net: NetName=Net*4_3 Pin=*4-3
Added Net: Name=Net*4_3
Added Pin To Net: NetName=Net*5_2 Pin=*5-2
Added Pin To Net: NetName=Net*5_2 Pin=R14-2
Added Net: Name=Net*5_2
Added Pin To Net: NetName=Net*5_3 Pin=*5-3
Added Pin To Net: NetName=Net*5_3 Pin=R13-2
Added Net: Name=Net*5_3
Added Pin To Net: NetName=NetC1_1 Pin=C1-1
Added Pin To Net: NetName=NetC1_1 Pin=R7-2
Added Net: Name=NetC1_1
Added Pin To Net: NetName=NetC1_2 Pin=C1-2
Added Pin To Net: NetName=NetC1_2 Pin=R5-1
Added Pin To Net: NetName=NetC1_2 Pin=R6-1
Added Pin To Net: NetName=NetC1_2 Pin=RESET1-2
Added Pin To Net: NetName=NetC1_2 Pin=RESET1-2
Added Net: Name=NetC1_2
Added Pin To Net: NetName=NetC2_2 Pin=C2-2
Added Net: Name=NetC2_2
Added Pin To Net: NetName=NetC3_1 Pin=C3-1
Added Net: Name=NetC3_1
Added Pin To Net: NetName=NetC3_2 Pin=C3-2
Added Net: Name=NetC3_2
Added Pin To Net: NetName=NetC4_1 Pin=C4-1
Added Net: Name=NetC4_1
Added Pin To Net: NetName=NetC4_2 Pin=C4-2
Added Net: Name=NetC4_2
Added Pin To Net: NetName=NetC5_1 Pin=C5-1
Added Net: Name=NetC5_1
Added Pin To Net: NetName=NetC5_2 Pin=C5-2
Added Net: Name=NetC5_2
Added Pin To Net: NetName=NetD1_2 Pin=D1-2
Added Pin To Net: NetName=NetD1_2 Pin=D2-2
Added Pin To Net: NetName=NetD1_2 Pin=D3-2
Added Pin To Net: NetName=NetD1_2 Pin=D4-2
Added Pin To Net: NetName=NetD1_2 Pin=D5-2
Added Pin To Net: NetName=NetD1_2 Pin=D6-2
Added Pin To Net: NetName=NetD1_2 Pin=D7-2
Added Pin To Net: NetName=NetD1_2 Pin=D8-2
Added Pin To Net: NetName=NetD1_2 Pin=D9-2
Added Pin To Net: NetName=NetD1_2 Pin=D10-2
Added Pin To Net: NetName=NetD1_2 Pin=R1-1
Added Net: Name=NetD1_2
Added Pin To Net: NetName=NetD11_2 Pin=D11-2
Added Pin To Net: NetName=NetD11_2 Pin=D12-2
Added Pin To Net: NetName=NetD11_2 Pin=D13-2
Added Pin To Net: NetName=NetD11_2 Pin=D14-2
Added Pin To Net: NetName=NetD11_2 Pin=D15-2
Added Pin To Net: NetName=NetD11_2 Pin=D16-2
Added Pin To Net: NetName=NetD11_2 Pin=D17-2
Added Pin To Net: NetName=NetD11_2 Pin=D18-2
Added Pin To Net: NetName=NetD11_2 Pin=D19-2
Added Pin To Net: NetName=NetD11_2 Pin=D20-2
Added Pin To Net: NetName=NetD11_2 Pin=R2-1
Added Net: Name=NetD11_2
Added Pin To Net: NetName=NetD21_2 Pin=D21-2
Added Pin To Net: NetName=NetD21_2 Pin=D22-2
Added Pin To Net: NetName=NetD21_2 Pin=D23-2
Added Pin To Net: NetName=NetD21_2 Pin=D24-2
Added Pin To Net: NetName=NetD21_2 Pin=D25-2
Added Pin To Net: NetName=NetD21_2 Pin=D26-2
Added Pin To Net: NetName=NetD21_2 Pin=D27-2
Added Pin To Net: NetName=NetD21_2 Pin=D28-2
Added Pin To Net: NetName=NetD21_2 Pin=D29-2
Added Pin To Net: NetName=NetD21_2 Pin=D30-2
Added Pin To Net: NetName=NetD21_2 Pin=R3-1
Added Net: Name=NetD21_2
Added Pin To Net: NetName=NetD31_1 Pin=D31-1
Added Pin To Net: NetName=NetD31_1 Pin=K1-A2
Added Pin To Net: NetName=NetD31_1 Pin=Q3-3
Added Net: Name=NetD31_1
Added Pin To Net: NetName=NetICSP1_1 Pin=ICSP1-1
Added Pin To Net: NetName=NetICSP1_1 Pin=R6-2
Added Net: Name=NetICSP1_1
Added Pin To Net: NetName=NetICSP1_4 Pin=ICSP1-4
Added Net: Name=NetICSP1_4
Added Pin To Net: NetName=NetICSP1_5 Pin=ICSP1-5
Added Net: Name=NetICSP1_5
Added Net: Name=NetPIC1_12
Added Net: Name=NetPIC1_13
Added Net: Name=NetPIC1_14
Added Net: Name=NetPIC1_33
Added Net: Name=NetPIC1_34
Added Net: Name=NetPIC1_42
Added Net: Name=NetPIC1_43
Added Net: Name=NetPIC1_46
Added Net: Name=NetPIC1_49
Added Net: Name=NetPIC1_50
Added Net: Name=NetPIC1_51
Added Net: Name=NetPIC1_52
Added Net: Name=NetPIC1_54
Added Net: Name=NetPIC1_55
Added Pin To Net: NetName=NetQ1_1 Pin=Q1-1
Added Pin To Net: NetName=NetQ1_1 Pin=R4-2
Added Net: Name=NetQ1_1
Added Pin To Net: NetName=NetQ1_2 Pin=Q1-2
Added Pin To Net: NetName=NetQ1_2 Pin=R1-2
Added Pin To Net: NetName=NetQ1_2 Pin=R2-2
Added Pin To Net: NetName=NetQ1_2 Pin=R3-2
Added Net: Name=NetQ1_2
Added Pin To Net: NetName=NetQ2_2 Pin=Q2-2
Added Net: Name=NetQ2_2
Added Pin To Net: NetName=NetQ3_1 Pin=Q3-1
Added Pin To Net: NetName=NetQ3_1 Pin=R11-2
Added Net: Name=NetQ3_1
Added Pin To Net: NetName=NetR8_1 Pin=R8-1
Added Pin To Net: NetName=NetR8_1 Pin=R9-2
Added Net: Name=NetR8_1
Added Pin To Net: NetName=SENSOR VCC Pin=*1-2
Added Pin To Net: NetName=SENSOR VCC Pin=*5-1
Added Pin To Net: NetName=SENSOR VCC Pin=Q2-1
Added Net: Name=SENSOR VCC
Added Pin To Net: NetName=SERVO VCC Pin=*4-2
Added Pin To Net: NetName=SERVO VCC Pin=C7-2
Added Pin To Net: NetName=SERVO VCC Pin=K1-14
Added Net: Name=SERVO VCC
Added Class: Name=IrSensor
Added Class: Name=LED_V2
Added Class: Name=PIC
Added Class: Name=Potard
Added Class: Name=Power_v2
Added Class: Name=Regul
Added Class: Name=RPI
Added Class: Name=Servo_sens
Added Class: Name=Servo
Added Class: Name=Sonar
