Added Parameter fabricant= to Part C1
Added Parameter fabricant= to Part C2
Added Parameter fabricant= to Part C3
Added Parameter fabricant= to Part C4
Added Parameter fabricant= to Part P1
Added Parameter fabricant= to Part R1
Added Parameter fabricant= to Part R2
Added Parameter fabricant= to Part R8
Added Parameter fournisseur= to Part C1
Added Parameter fournisseur= to Part C2
Added Parameter fournisseur= to Part C3
Added Parameter fournisseur= to Part C4
Added Parameter fournisseur= to Part P1
Added Parameter fournisseur= to Part R1
Added Parameter fournisseur= to Part R2
Added Parameter fournisseur= to Part R8
Added Parameter reffabricant= to Part C1
Added Parameter reffabricant= to Part C2
Added Parameter reffabricant= to Part C3
Added Parameter reffabricant= to Part C4
Added Parameter reffabricant= to Part P1
Added Parameter reffabricant= to Part R1
Added Parameter reffabricant= to Part R2
Added Parameter reffabricant= to Part R8
Added Parameter reffournisseur= to Part C1
Added Parameter reffournisseur= to Part C2
Added Parameter reffournisseur= to Part C3
Added Parameter reffournisseur= to Part C4
Added Parameter reffournisseur= to Part P1
Added Parameter reffournisseur= to Part R1
Added Parameter reffournisseur= to Part R2
Added Parameter reffournisseur= to Part R8
