Added Parameter fabricant= to Part C6
Added Parameter fabricant= to Part C7
Added Parameter fabricant= to Part C8
Added Parameter fabricant= to Part C9
Added Parameter fabricant= to Part R5
Added Parameter fournisseur= to Part C6
Added Parameter fournisseur= to Part C7
Added Parameter fournisseur= to Part C8
Added Parameter fournisseur= to Part C9
Added Parameter fournisseur= to Part R5
Added Parameter reffabricant= to Part C6
Added Parameter reffabricant= to Part C7
Added Parameter reffabricant= to Part C8
Added Parameter reffabricant= to Part C9
Added Parameter reffabricant= to Part R5
Added Parameter reffournisseur= to Part C6
Added Parameter reffournisseur= to Part C7
Added Parameter reffournisseur= to Part C8
Added Parameter reffournisseur= to Part C9
Added Parameter reffournisseur= to Part R5
