Removed Parameter Manufacturer: from Part C1
Removed Parameter Manufacturer: from Part C2
Removed Parameter Manufacturer: from Part C3
Removed Parameter Manufacturer: from Part C4
Removed Parameter Manufacturer: from Part C5
Removed Parameter Manufacturer: from Part C6
Removed Parameter Manufacturer: from Part C7
Removed Parameter Manufacturer: from Part C8
Removed Parameter Manufacturer: from Part C9
Removed Parameter Manufacturer: from Part C10
Removed Parameter Manufacturer Reference: from Part C1
Removed Parameter Manufacturer Reference: from Part C2
Removed Parameter Manufacturer Reference: from Part C3
Removed Parameter Manufacturer Reference: from Part C4
Removed Parameter Manufacturer Reference: from Part C5
Removed Parameter Manufacturer Reference: from Part C6
Removed Parameter Manufacturer Reference: from Part C7
Removed Parameter Manufacturer Reference: from Part C8
Removed Parameter Manufacturer Reference: from Part C9
Removed Parameter Manufacturer Reference: from Part C10
Removed Parameter Supplier: from Part C1
Removed Parameter Supplier: from Part C2
Removed Parameter Supplier: from Part C3
Removed Parameter Supplier: from Part C4
Removed Parameter Supplier: from Part C5
Removed Parameter Supplier: from Part C6
Removed Parameter Supplier: from Part C7
Removed Parameter Supplier: from Part C8
Removed Parameter Supplier: from Part C9
Removed Parameter Supplier: from Part C10
Removed Parameter Supplier Reference: from Part C1
Removed Parameter Supplier Reference: from Part C2
Removed Parameter Supplier Reference: from Part C3
Removed Parameter Supplier Reference: from Part C4
Removed Parameter Supplier Reference: from Part C5
Removed Parameter Supplier Reference: from Part C6
Removed Parameter Supplier Reference: from Part C7
Removed Parameter Supplier Reference: from Part C8
Removed Parameter Supplier Reference: from Part C9
Removed Parameter Supplier Reference: from Part C10
Added Parameter Fabricant= to Part C1
Added Parameter Fabricant= to Part C2
Added Parameter Fabricant= to Part C3
Added Parameter Fabricant= to Part C4
Added Parameter Fabricant= to Part C5
Added Parameter Fabricant= to Part C6
Added Parameter Fabricant= to Part C7
Added Parameter Fabricant= to Part C8
Added Parameter Fabricant= to Part C9
Added Parameter Fabricant= to Part C10
Added Parameter Fabricant= to Part J1
Added Parameter Fabricant= to Sheet 
Added Parameter Fabricant= to Part R2
Added Parameter Fabricant= to Part U1
Added Parameter Fabricant= to Part Y1
Added Parameter Fournisseur= to Part C1
Added Parameter Fournisseur= to Part C2
Added Parameter Fournisseur= to Part C3
Added Parameter Fournisseur= to Part C4
Added Parameter Fournisseur= to Part C5
Added Parameter Fournisseur= to Part C6
Added Parameter Fournisseur= to Part C7
Added Parameter Fournisseur= to Part C8
Added Parameter Fournisseur= to Part C9
Added Parameter Fournisseur= to Part C10
Added Parameter Fournisseur= to Part J1
Added Parameter Fournisseur= to Sheet 
Added Parameter Fournisseur= to Part R2
Added Parameter Fournisseur= to Part U1
Added Parameter Fournisseur= to Part Y1
Added Parameter RefFabricant= to Part C1
Added Parameter RefFabricant= to Part C2
Added Parameter RefFabricant= to Part C3
Added Parameter RefFabricant= to Part C4
Added Parameter RefFabricant= to Part C5
Added Parameter RefFabricant= to Part C6
Added Parameter RefFabricant= to Part C7
Added Parameter RefFabricant= to Part C8
Added Parameter RefFabricant= to Part C9
Added Parameter RefFabricant= to Part C10
Added Parameter RefFabricant= to Part J1
Added Parameter RefFabricant= to Sheet 
Added Parameter RefFabricant= to Part R2
Added Parameter RefFabricant= to Part U1
Added Parameter RefFabricant= to Part Y1
Added Parameter RefFournisseur= to Part C1
Added Parameter RefFournisseur= to Part C2
Added Parameter RefFournisseur= to Part C3
Added Parameter RefFournisseur= to Part C4
Added Parameter RefFournisseur= to Part C5
Added Parameter RefFournisseur= to Part C6
Added Parameter RefFournisseur= to Part C7
Added Parameter RefFournisseur= to Part C8
Added Parameter RefFournisseur= to Part C9
Added Parameter RefFournisseur= to Part C10
Added Parameter RefFournisseur= to Part J1
Added Parameter RefFournisseur= to Sheet 
Added Parameter RefFournisseur= to Part R2
Added Parameter RefFournisseur= to Part U1
Added Parameter RefFournisseur= to Part Y1
