Removed Parameter Manufacturer: from Part C11
Removed Parameter Manufacturer: from Part C12
Removed Parameter Manufacturer: from Part C13
Removed Parameter Manufacturer: from Part C14
Removed Parameter Manufacturer: from Part C15
Removed Parameter Manufacturer: from Part D2
Removed Parameter Manufacturer: from Part D3
Removed Parameter Manufacturer: from Part D4
Removed Parameter Manufacturer: from Part P1
Removed Parameter Manufacturer: from Part P2
Removed Parameter Manufacturer: from Part R4
Removed Parameter Manufacturer Reference: from Part C11
Removed Parameter Manufacturer Reference: from Part C12
Removed Parameter Manufacturer Reference: from Part C13
Removed Parameter Manufacturer Reference: from Part C14
Removed Parameter Manufacturer Reference: from Part C15
Removed Parameter Manufacturer Reference: from Part D2
Removed Parameter Manufacturer Reference: from Part D3
Removed Parameter Manufacturer Reference: from Part D4
Removed Parameter Manufacturer Reference: from Part P1
Removed Parameter Manufacturer Reference: from Part P2
Removed Parameter Manufacturer Reference: from Part R4
Removed Parameter Supplier: from Part C11
Removed Parameter Supplier: from Part C12
Removed Parameter Supplier: from Part C13
Removed Parameter Supplier: from Part C14
Removed Parameter Supplier: from Part C15
Removed Parameter Supplier: from Part D2
Removed Parameter Supplier: from Part D3
Removed Parameter Supplier: from Part D4
Removed Parameter Supplier: from Part P1
Removed Parameter Supplier: from Part P2
Removed Parameter Supplier: from Part R4
Removed Parameter Supplier Reference: from Part C11
Removed Parameter Supplier Reference: from Part C12
Removed Parameter Supplier Reference: from Part C13
Removed Parameter Supplier Reference: from Part C14
Removed Parameter Supplier Reference: from Part C15
Removed Parameter Supplier Reference: from Part D2
Removed Parameter Supplier Reference: from Part D3
Removed Parameter Supplier Reference: from Part D4
Removed Parameter Supplier Reference: from Part P1
Removed Parameter Supplier Reference: from Part P2
Removed Parameter Supplier Reference: from Part R4
Added Parameter Fabricant= to Part C11
Added Parameter Fabricant= to Part C12
Added Parameter Fabricant= to Part C13
Added Parameter Fabricant= to Part C14
Added Parameter Fabricant= to Part C15
Added Parameter Fabricant= to Part D2
Added Parameter Fabricant= to Part D3
Added Parameter Fabricant= to Part D4
Added Parameter Fabricant= to Part FB1
Added Parameter Fabricant= to Part P1
Added Parameter Fabricant= to Part P2
Added Parameter Fabricant= to Sheet 
Added Parameter Fabricant= to Part R4
Added Parameter Fabricant= to Part U2
Added Parameter Fournisseur= to Part C11
Added Parameter Fournisseur= to Part C12
Added Parameter Fournisseur= to Part C13
Added Parameter Fournisseur= to Part C14
Added Parameter Fournisseur= to Part C15
Added Parameter Fournisseur= to Part D2
Added Parameter Fournisseur= to Part D3
Added Parameter Fournisseur= to Part D4
Added Parameter Fournisseur= to Part FB1
Added Parameter Fournisseur= to Part P1
Added Parameter Fournisseur= to Part P2
Added Parameter Fournisseur= to Sheet 
Added Parameter Fournisseur= to Part R4
Added Parameter Fournisseur= to Part U2
Added Parameter RefFabricant= to Part C11
Added Parameter RefFabricant= to Part C12
Added Parameter RefFabricant= to Part C13
Added Parameter RefFabricant= to Part C14
Added Parameter RefFabricant= to Part C15
Added Parameter RefFabricant= to Part D2
Added Parameter RefFabricant= to Part D3
Added Parameter RefFabricant= to Part D4
Added Parameter RefFabricant= to Part FB1
Added Parameter RefFabricant= to Part P1
Added Parameter RefFabricant= to Part P2
Added Parameter RefFabricant= to Sheet 
Added Parameter RefFabricant= to Part R4
Added Parameter RefFabricant= to Part U2
Added Parameter RefFournisseur= to Part C11
Added Parameter RefFournisseur= to Part C12
Added Parameter RefFournisseur= to Part C13
Added Parameter RefFournisseur= to Part C14
Added Parameter RefFournisseur= to Part C15
Added Parameter RefFournisseur= to Part D2
Added Parameter RefFournisseur= to Part D3
Added Parameter RefFournisseur= to Part D4
Added Parameter RefFournisseur= to Part FB1
Added Parameter RefFournisseur= to Part P1
Added Parameter RefFournisseur= to Part P2
Added Parameter RefFournisseur= to Sheet 
Added Parameter RefFournisseur= to Part R4
Added Parameter RefFournisseur= to Part U2
